#
# There is insufficient memory for the Java Runtime Environment to continue.
# Native memory allocation (malloc) failed to allocate 32744 bytes for ChunkPool::allocate
# Possible reasons:
#   The system is out of physical RAM or swap space
#   The process is running with CompressedOops enabled, and the Java Heap may be blocking the growth of the native heap
# Possible solutions:
#   Reduce memory load on the system
#   Increase physical memory or swap space
#   Check if swap backing store is full
#   Decrease Java heap size (-Xmx/-Xms)
#   Decrease number of Java threads
#   Decrease Java thread stack sizes (-Xss)
#   Set larger code cache with -XX:ReservedCodeCacheSize=
#   JVM is running with Unscaled Compressed Oops mode in which the Java heap is
#     placed in the first 4GB address space. The Java Heap base address is the
#     maximum limit for the native heap growth. Please use -XX:HeapBaseMinAddress
#     to set the Java Heap base and to place the Java Heap above 4GB virtual address.
# This output file may be truncated or incomplete.
#
#  Out of Memory Error (./open/src/hotspot/share/memory/arena.cpp:81), pid=3340, tid=15932
#
# JRE version: Java(TM) SE Runtime Environment 18.9 (11.0.19+9) (build 11.0.19+9-LTS-224)
# Java VM: Java HotSpot(TM) 64-Bit Server VM 18.9 (11.0.19+9-LTS-224, mixed mode, tiered, compressed oops, g1 gc, windows-amd64)
# No core dump will be written. Minidumps are not enabled by default on client versions of Windows
#

---------------  S U M M A R Y ------------

Command Line: -Xmx64m -Xms64m -Dorg.gradle.appname=gradlew org.gradle.wrapper.GradleWrapperMain tasks

Host: AMD Athlon Gold 3150U with Radeon Graphics     , 4 cores, 13G,  Windows 11 , 64 bit Build 22621 (10.0.22621.2070)
Time: Sat Aug 26 09:29:43 2023 Afr. centrale Ouest elapsed time: 10.281437 seconds (0d 0h 0m 10s)

---------------  T H R E A D  ---------------

Current thread (0x0000028b9a9ea000):  JavaThread "C1 CompilerThread0" daemon [_thread_in_native, id=15932, stack(0x0000009ae5400000,0x0000009ae5500000)]


Current CompileTask:
C1:  10281 1418       3       jdk.internal.org.objectweb.asm.MethodWriter::
[error occurred during error reporting (printing current compile task), id 0xe0000001, Out of Memory Error (./open/src/hotspot/share/memory/arena.cpp:81)]

Stack: [0x0000009ae5400000,0x0000009ae5500000]
Native frames: (J=compiled Java code, j=interpreted, Vv=VM code, C=native code)
V  [jvm.dll+0x65fe1a]
V  [jvm.dll+0x7a2bbf]
V  [jvm.dll+0x7a4289]
V  [jvm.dll+0x7a4923]
V  [jvm.dll+0x258a25]
V  [jvm.dll+0xb2c3f]
V  [jvm.dll+0xb2f8c]
V  [jvm.dll+0x730ebd]
V  [jvm.dll+0x616075]
V  [jvm.dll+0x225b3f]
V  [jvm.dll+0x7a2a5d]
V  [jvm.dll+0x7a4289]
V  [jvm.dll+0x7a4923]
V  [jvm.dll+0x258a25]
V  [jvm.dll+0xb2c3f]
V  [jvm.dll+0xb2f8c]
V  [jvm.dll+0x16dde3]
V  [jvm.dll+0x16deb0]
V  [jvm.dll+0x1707c0]
V  [jvm.dll+0x172791]
V  [jvm.dll+0x12a665]
V  [jvm.dll+0x129f3f]
V  [jvm.dll+0x12a172]
V  [jvm.dll+0x1294c9]
V  [jvm.dll+0x12b318]
V  [jvm.dll+0x220989]
V  [jvm.dll+0x21ecac]
V  [jvm.dll+0x766921]
V  [jvm.dll+0x75f2e4]
V  [jvm.dll+0x65ecc5]
C  [ucrtbase.dll+0x29363]
C  [KERNEL32.DLL+0x126ad]
C  [ntdll.dll+0x5aa68]


---------------  P R O C E S S  ---------------

Threads class SMR info:
_java_thread_list=0x0000028b9b8e31b0, length=11, elements={
0x0000028bff8df000, 0x0000028b9a9de800, 0x0000028b9a9cf000, 0x0000028b9aa3e800,
0x0000028b9aa42000, 0x0000028b9a9e7800, 0x0000028b9a9e9000, 0x0000028b9a9ea000,
0x0000028b9abd0800, 0x0000028b9aced800, 0x0000028b9c26c800
}

Java Threads: ( => current thread )
  0x0000028bff8df000 JavaThread "main" [_thread_in_vm, id=20920, stack(0x0000009ae4700000,0x0000009ae4800000)]
  0x0000028b9a9de800 JavaThread "Reference Handler" daemon [_thread_blocked, id=15440, stack(0x0000009ae4e00000,0x0000009ae4f00000)]
  0x0000028b9a9cf000 JavaThread "Finalizer" daemon [_thread_blocked, id=19416, stack(0x0000009ae4f00000,0x0000009ae5000000)]
  0x0000028b9aa3e800 JavaThread "Signal Dispatcher" daemon [_thread_blocked, id=21088, stack(0x0000009ae5000000,0x0000009ae5100000)]
  0x0000028b9aa42000 JavaThread "Attach Listener" daemon [_thread_blocked, id=2244, stack(0x0000009ae5100000,0x0000009ae5200000)]
  0x0000028b9a9e7800 JavaThread "Service Thread" daemon [_thread_blocked, id=16800, stack(0x0000009ae5200000,0x0000009ae5300000)]
  0x0000028b9a9e9000 JavaThread "C2 CompilerThread0" daemon [_thread_blocked, id=9516, stack(0x0000009ae5300000,0x0000009ae5400000)]
=>0x0000028b9a9ea000 JavaThread "C1 CompilerThread0" daemon [_thread_in_native, id=15932, stack(0x0000009ae5400000,0x0000009ae5500000)]
  0x0000028b9abd0800 JavaThread "Sweeper thread" daemon [_thread_blocked, id=14524, stack(0x0000009ae5500000,0x0000009ae5600000)]
  0x0000028b9aced800 JavaThread "Common-Cleaner" daemon [_thread_blocked, id=19720, stack(0x0000009ae5700000,0x0000009ae5800000)]
  0x0000028b9c26c800 JavaThread "pool-1-thread-1" [_thread_blocked, id=20036, stack(0x0000009ae5a00000,0x0000009ae5b00000)]

Other Threads:
  0x0000028b9a9ab000 VMThread "VM Thread" [stack: 0x0000009ae4d00000,0x0000009ae4e00000] [id=14868]
  0x0000028b9acec000 WatcherThread [stack: 0x0000009ae5600000,0x0000009ae5700000] [id=2788]
  0x0000028bff8f5800 GCTaskThread "GC Thread#0" [stack: 0x0000009ae4800000,0x0000009ae4900000] [id=6872]
  0x0000028b9b282000 GCTaskThread "GC Thread#1" [stack: 0x0000009ae5800000,0x0000009ae5900000] [id=18156]
  0x0000028bff8fb800 ConcurrentGCThread "G1 Main Marker" [stack: 0x0000009ae4900000,0x0000009ae4a00000] [id=17352]
  0x0000028bff8fd800 ConcurrentGCThread "G1 Conc#0" [stack: 0x0000009ae4a00000,0x0000009ae4b00000] [id=13020]
  0x0000028bff951800 ConcurrentGCThread "G1 Refine#0" [stack: 0x0000009ae4b00000,0x0000009ae4c00000] [id=20512]
  0x0000028bff955000 ConcurrentGCThread "G1 Young RemSet Sampling" [stack: 0x0000009ae4c00000,0x0000009ae4d00000] [id=21432]

Threads with active compile tasks:
C1 CompilerThread0    10313 1418       3       jdk.internal.org.objectweb.asm.MethodWriter::visitMaxs (1144 bytes)

VM state:not at safepoint (normal execution)

VM Mutex/Monitor currently owned by a thread: None

Heap address: 0x00000000fc000000, size: 64 MB, Compressed Oops mode: 32-bit
Narrow klass base: 0x0000000000000000, Narrow klass shift: 3
Compressed class space size: 1073741824 Address: 0x0000000100000000

Heap:
 garbage-first heap   total 65536K, used 40292K [0x00000000fc000000, 0x0000000100000000)
  region size 1024K, 36 young (36864K), 2 survivors (2048K)
 Metaspace       used 15791K, capacity 16133K, committed 16256K, reserved 1062912K
  class space    used 1792K, capacity 1898K, committed 1920K, reserved 1048576K
Heap Regions: E=young(eden), S=young(survivor), O=old, HS=humongous(starts), HC=humongous(continues), CS=collection set, F=free, A=archive, TAMS=top-at-mark-start (previous, next)
|   0|0x00000000fc000000, 0x00000000fc100000, 0x00000000fc100000|100%| O|  |TAMS 0x00000000fc000000, 0x00000000fc000000| Untracked 
|   1|0x00000000fc100000, 0x00000000fc159000, 0x00000000fc200000| 34%| O|  |TAMS 0x00000000fc100000, 0x00000000fc100000| Untracked 
|   2|0x00000000fc200000, 0x00000000fc300000, 0x00000000fc300000|100%|HS|  |TAMS 0x00000000fc200000, 0x00000000fc200000| Complete 
|   3|0x00000000fc300000, 0x00000000fc400000, 0x00000000fc400000|100%|HC|  |TAMS 0x00000000fc300000, 0x00000000fc300000| Complete 
|   4|0x00000000fc400000, 0x00000000fc500000, 0x00000000fc500000|100%|HC|  |TAMS 0x00000000fc400000, 0x00000000fc400000| Complete 
|   5|0x00000000fc500000, 0x00000000fc600000, 0x00000000fc600000|100%|HC|  |TAMS 0x00000000fc500000, 0x00000000fc500000| Complete 
|   6|0x00000000fc600000, 0x00000000fc600000, 0x00000000fc700000|  0%| F|  |TAMS 0x00000000fc600000, 0x00000000fc600000| Untracked 
|   7|0x00000000fc700000, 0x00000000fc700000, 0x00000000fc800000|  0%| F|  |TAMS 0x00000000fc700000, 0x00000000fc700000| Untracked 
|   8|0x00000000fc800000, 0x00000000fc800000, 0x00000000fc900000|  0%| F|  |TAMS 0x00000000fc800000, 0x00000000fc800000| Untracked 
|   9|0x00000000fc900000, 0x00000000fc900000, 0x00000000fca00000|  0%| F|  |TAMS 0x00000000fc900000, 0x00000000fc900000| Untracked 
|  10|0x00000000fca00000, 0x00000000fca00000, 0x00000000fcb00000|  0%| F|  |TAMS 0x00000000fca00000, 0x00000000fca00000| Untracked 
|  11|0x00000000fcb00000, 0x00000000fcb00000, 0x00000000fcc00000|  0%| F|  |TAMS 0x00000000fcb00000, 0x00000000fcb00000| Untracked 
|  12|0x00000000fcc00000, 0x00000000fcc00000, 0x00000000fcd00000|  0%| F|  |TAMS 0x00000000fcc00000, 0x00000000fcc00000| Untracked 
|  13|0x00000000fcd00000, 0x00000000fcd00000, 0x00000000fce00000|  0%| F|  |TAMS 0x00000000fcd00000, 0x00000000fcd00000| Untracked 
|  14|0x00000000fce00000, 0x00000000fce00000, 0x00000000fcf00000|  0%| F|  |TAMS 0x00000000fce00000, 0x00000000fce00000| Untracked 
|  15|0x00000000fcf00000, 0x00000000fcf00000, 0x00000000fd000000|  0%| F|  |TAMS 0x00000000fcf00000, 0x00000000fcf00000| Untracked 
|  16|0x00000000fd000000, 0x00000000fd000000, 0x00000000fd100000|  0%| F|  |TAMS 0x00000000fd000000, 0x00000000fd000000| Untracked 
|  17|0x00000000fd100000, 0x00000000fd100000, 0x00000000fd200000|  0%| F|  |TAMS 0x00000000fd100000, 0x00000000fd100000| Untracked 
|  18|0x00000000fd200000, 0x00000000fd200000, 0x00000000fd300000|  0%| F|  |TAMS 0x00000000fd200000, 0x00000000fd200000| Untracked 
|  19|0x00000000fd300000, 0x00000000fd300000, 0x00000000fd400000|  0%| F|  |TAMS 0x00000000fd300000, 0x00000000fd300000| Untracked 
|  20|0x00000000fd400000, 0x00000000fd400000, 0x00000000fd500000|  0%| F|  |TAMS 0x00000000fd400000, 0x00000000fd400000| Untracked 
|  21|0x00000000fd500000, 0x00000000fd500000, 0x00000000fd600000|  0%| F|  |TAMS 0x00000000fd500000, 0x00000000fd500000| Untracked 
|  22|0x00000000fd600000, 0x00000000fd600000, 0x00000000fd700000|  0%| F|  |TAMS 0x00000000fd600000, 0x00000000fd600000| Untracked 
|  23|0x00000000fd700000, 0x00000000fd700000, 0x00000000fd800000|  0%| F|  |TAMS 0x00000000fd700000, 0x00000000fd700000| Untracked 
|  24|0x00000000fd800000, 0x00000000fd800000, 0x00000000fd900000|  0%| F|  |TAMS 0x00000000fd800000, 0x00000000fd800000| Untracked 
|  25|0x00000000fd900000, 0x00000000fd900000, 0x00000000fda00000|  0%| F|  |TAMS 0x00000000fd900000, 0x00000000fd900000| Untracked 
|  26|0x00000000fda00000, 0x00000000fda00000, 0x00000000fdb00000|  0%| F|  |TAMS 0x00000000fda00000, 0x00000000fda00000| Untracked 
|  27|0x00000000fdb00000, 0x00000000fdb00000, 0x00000000fdc00000|  0%| F|  |TAMS 0x00000000fdb00000, 0x00000000fdb00000| Untracked 
|  28|0x00000000fdc00000, 0x00000000fdc5d220, 0x00000000fdd00000| 36%| E|  |TAMS 0x00000000fdc00000, 0x00000000fdc00000| Complete 
|  29|0x00000000fdd00000, 0x00000000fde00000, 0x00000000fde00000|100%| E|CS|TAMS 0x00000000fdd00000, 0x00000000fdd00000| Complete 
|  30|0x00000000fde00000, 0x00000000fdf00000, 0x00000000fdf00000|100%| E|CS|TAMS 0x00000000fde00000, 0x00000000fde00000| Complete 
|  31|0x00000000fdf00000, 0x00000000fe000000, 0x00000000fe000000|100%| E|CS|TAMS 0x00000000fdf00000, 0x00000000fdf00000| Complete 
|  32|0x00000000fe000000, 0x00000000fe100000, 0x00000000fe100000|100%| E|CS|TAMS 0x00000000fe000000, 0x00000000fe000000| Complete 
|  33|0x00000000fe100000, 0x00000000fe200000, 0x00000000fe200000|100%| E|CS|TAMS 0x00000000fe100000, 0x00000000fe100000| Complete 
|  34|0x00000000fe200000, 0x00000000fe300000, 0x00000000fe300000|100%| E|CS|TAMS 0x00000000fe200000, 0x00000000fe200000| Complete 
|  35|0x00000000fe300000, 0x00000000fe400000, 0x00000000fe400000|100%| E|CS|TAMS 0x00000000fe300000, 0x00000000fe300000| Complete 
|  36|0x00000000fe400000, 0x00000000fe500000, 0x00000000fe500000|100%| E|CS|TAMS 0x00000000fe400000, 0x00000000fe400000| Complete 
|  37|0x00000000fe500000, 0x00000000fe600000, 0x00000000fe600000|100%| E|CS|TAMS 0x00000000fe500000, 0x00000000fe500000| Complete 
|  38|0x00000000fe600000, 0x00000000fe700000, 0x00000000fe700000|100%| E|CS|TAMS 0x00000000fe600000, 0x00000000fe600000| Complete 
|  39|0x00000000fe700000, 0x00000000fe800000, 0x00000000fe800000|100%| E|CS|TAMS 0x00000000fe700000, 0x00000000fe700000| Complete 
|  40|0x00000000fe800000, 0x00000000fe900000, 0x00000000fe900000|100%| E|CS|TAMS 0x00000000fe800000, 0x00000000fe800000| Complete 
|  41|0x00000000fe900000, 0x00000000fea00000, 0x00000000fea00000|100%| E|CS|TAMS 0x00000000fe900000, 0x00000000fe900000| Complete 
|  42|0x00000000fea00000, 0x00000000feb00000, 0x00000000feb00000|100%| E|CS|TAMS 0x00000000fea00000, 0x00000000fea00000| Complete 
|  43|0x00000000feb00000, 0x00000000fec00000, 0x00000000fec00000|100%| E|CS|TAMS 0x00000000feb00000, 0x00000000feb00000| Complete 
|  44|0x00000000fec00000, 0x00000000fed00000, 0x00000000fed00000|100%| E|CS|TAMS 0x00000000fec00000, 0x00000000fec00000| Complete 
|  45|0x00000000fed00000, 0x00000000fee00000, 0x00000000fee00000|100%| E|CS|TAMS 0x00000000fed00000, 0x00000000fed00000| Complete 
|  46|0x00000000fee00000, 0x00000000fef00000, 0x00000000fef00000|100%| E|CS|TAMS 0x00000000fee00000, 0x00000000fee00000| Complete 
|  47|0x00000000fef00000, 0x00000000ff000000, 0x00000000ff000000|100%| E|CS|TAMS 0x00000000fef00000, 0x00000000fef00000| Complete 
|  48|0x00000000ff000000, 0x00000000ff100000, 0x00000000ff100000|100%| S|CS|TAMS 0x00000000ff000000, 0x00000000ff000000| Complete 
|  49|0x00000000ff100000, 0x00000000ff200000, 0x00000000ff200000|100%| S|CS|TAMS 0x00000000ff100000, 0x00000000ff100000| Complete 
|  50|0x00000000ff200000, 0x00000000ff300000, 0x00000000ff300000|100%| E|CS|TAMS 0x00000000ff200000, 0x00000000ff200000| Complete 
|  51|0x00000000ff300000, 0x00000000ff400000, 0x00000000ff400000|100%| E|CS|TAMS 0x00000000ff300000, 0x00000000ff300000| Complete 
|  52|0x00000000ff400000, 0x00000000ff500000, 0x00000000ff500000|100%| E|CS|TAMS 0x00000000ff400000, 0x00000000ff400000| Complete 
|  53|0x00000000ff500000, 0x00000000ff600000, 0x00000000ff600000|100%| E|CS|TAMS 0x00000000ff500000, 0x00000000ff500000| Complete 
|  54|0x00000000ff600000, 0x00000000ff700000, 0x00000000ff700000|100%| E|CS|TAMS 0x00000000ff600000, 0x00000000ff600000| Complete 
|  55|0x00000000ff700000, 0x00000000ff800000, 0x00000000ff800000|100%| E|CS|TAMS 0x00000000ff700000, 0x00000000ff700000| Complete 
|  56|0x00000000ff800000, 0x00000000ff900000, 0x00000000ff900000|100%| E|CS|TAMS 0x00000000ff800000, 0x00000000ff800000| Complete 
|  57|0x00000000ff900000, 0x00000000ffa00000, 0x00000000ffa00000|100%| E|CS|TAMS 0x00000000ff900000, 0x00000000ff900000| Complete 
|  58|0x00000000ffa00000, 0x00000000ffb00000, 0x00000000ffb00000|100%| E|CS|TAMS 0x00000000ffa00000, 0x00000000ffa00000| Complete 
|  59|0x00000000ffb00000, 0x00000000ffc00000, 0x00000000ffc00000|100%| E|CS|TAMS 0x00000000ffb00000, 0x00000000ffb00000| Complete 
|  60|0x00000000ffc00000, 0x00000000ffd00000, 0x00000000ffd00000|100%| E|CS|TAMS 0x00000000ffc00000, 0x00000000ffc00000| Complete 
|  61|0x00000000ffd00000, 0x00000000ffe00000, 0x00000000ffe00000|100%| E|  |TAMS 0x00000000ffd00000, 0x00000000ffd00000| Complete 
|  62|0x00000000ffe00000, 0x00000000fff00000, 0x00000000fff00000|100%| E|CS|TAMS 0x00000000ffe00000, 0x00000000ffe00000| Complete 
|  63|0x00000000fff00000, 0x0000000100000000, 0x0000000100000000|100%| E|CS|TAMS 0x00000000fff00000, 0x00000000fff00000| Complete 

Card table byte_map: [0x0000028bff460000,0x0000028bff480000] _byte_map_base: 0x0000028bfec80000

Marking Bits (Prev, Next): (CMBitMap*) 0x0000028bff8fa798, (CMBitMap*) 0x0000028bff8fa7d0
 Prev Bits: [0x0000028b97a10000, 0x0000028b97b10000)
 Next Bits: [0x0000028b97b10000, 0x0000028b97c10000)

Polling page: 0x0000028bff310000

Metaspace:

Usage:
  Non-class:     13.90 MB capacity,    13.67 MB ( 98%) used,   211.31 KB (  1%) free+waste,    24.00 KB ( <1%) overhead. 
      Class:      1.85 MB capacity,     1.75 MB ( 94%) used,    93.81 KB (  5%) free+waste,    12.19 KB ( <1%) overhead. 
       Both:     15.75 MB capacity,    15.42 MB ( 98%) used,   305.12 KB (  2%) free+waste,    36.19 KB ( <1%) overhead. 

Virtual space:
  Non-class space:       14.00 MB reserved,      14.00 MB (100%) committed 
      Class space:        1.00 GB reserved,       1.88 MB ( <1%) committed 
             Both:        1.01 GB reserved,      15.88 MB (  2%) committed 

Chunk freelists:
   Non-Class:  4.62 KB
       Class:  0 bytes
        Both:  4.62 KB

CodeHeap 'non-profiled nmethods': size=120064Kb used=560Kb max_used=560Kb free=119503Kb
 bounds [0x0000028b904d0000, 0x0000028b90740000, 0x0000028b97a10000]
CodeHeap 'profiled nmethods': size=120000Kb used=2773Kb max_used=2773Kb free=117226Kb
 bounds [0x0000028b88fa0000, 0x0000028b89260000, 0x0000028b904d0000]
CodeHeap 'non-nmethods': size=5696Kb used=1106Kb max_used=1120Kb free=4589Kb
 bounds [0x0000028b88a10000, 0x0000028b88c80000, 0x0000028b88fa0000]
 total_blobs=1843 nmethods=1415 adapters=340
 compilation: enabled
              stopped_count=0, restarted_count=0
 full_count=0

Compilation events (10 events):
Event: 10.270 Thread 0x0000028b9a9ea000 nmethod 1411 0x0000028b9055ba10 code [0x0000028b9055bba0, 0x0000028b9055bc58]
Event: 10.272 Thread 0x0000028b9a9ea000 1412       3       java.lang.String::getBytes (44 bytes)
Event: 10.272 Thread 0x0000028b9a9ea000 nmethod 1412 0x0000028b89254890 code [0x0000028b89254a60, 0x0000028b89254d98]
Event: 10.275 Thread 0x0000028b9a9e9000 1414       4       jdk.internal.org.objectweb.asm.ByteVector::putShort (52 bytes)
Event: 10.276 Thread 0x0000028b9a9ea000 1415       3       java.lang.StringBuilder::append (8 bytes)
Event: 10.276 Thread 0x0000028b9a9ea000 nmethod 1415 0x0000028b89254f10 code [0x0000028b892550c0, 0x0000028b89255208]
Event: 10.276 Thread 0x0000028b9a9e9000 nmethod 1414 0x0000028b9055bf10 code [0x0000028b9055c0a0, 0x0000028b9055c228]
Event: 10.277 Thread 0x0000028b9a9ea000 1416       3       jdk.internal.org.objectweb.asm.ClassWriter::visitMethod (20 bytes)
Event: 10.277 Thread 0x0000028b9a9ea000 nmethod 1416 0x0000028b89255290 code [0x0000028b89255440, 0x0000028b89255628]
Event: 10.277 Thread 0x0000028b9a9ea000 1418       3       jdk.internal.org.objectweb.asm.MethodWriter::visitMaxs (1144 bytes)

GC Heap History (2 events):
Event: 1.563 GC heap before
{Heap before GC invocations=0 (full 0):
 garbage-first heap   total 65536K, used 13312K [0x00000000fc000000, 0x0000000100000000)
  region size 1024K, 14 young (14336K), 0 survivors (0K)
 Metaspace       used 7649K, capacity 7893K, committed 7936K, reserved 1056768K
  class space    used 684K, capacity 756K, committed 768K, reserved 1048576K
}
Event: 1.585 GC heap after
{Heap after GC invocations=1 (full 0):
 garbage-first heap   total 65536K, used 3428K [0x00000000fc000000, 0x0000000100000000)
  region size 1024K, 2 young (2048K), 2 survivors (2048K)
 Metaspace       used 7649K, capacity 7893K, committed 7936K, reserved 1056768K
  class space    used 684K, capacity 756K, committed 768K, reserved 1048576K
}

Deoptimization events (10 events):
Event: 2.373 Thread 0x0000028bff8df000 Uncommon trap: reason=class_check action=maybe_recompile pc=0x0000028b904ed70c method=java.util.regex.Matcher.match(II)Z @ 121 c2
Event: 2.382 Thread 0x0000028bff8df000 Uncommon trap: reason=unstable_if action=reinterpret pc=0x0000028b9050d130 method=java.util.HashMap.hash(Ljava/lang/Object;)I @ 1 c2
Event: 3.127 Thread 0x0000028bff8df000 Uncommon trap: reason=unstable_if action=reinterpret pc=0x0000028b9052c6c0 method=java.util.HashMap.getNode(ILjava/lang/Object;)Ljava/util/HashMap$Node; @ 129 c2
Event: 3.489 Thread 0x0000028bff8df000 Uncommon trap: reason=unstable_if action=reinterpret pc=0x0000028b90520ac8 method=java.io.WinNTFileSystem.normalize(Ljava/lang/String;)Ljava/lang/String; @ 128 c2
Event: 4.090 Thread 0x0000028bff8df000 Uncommon trap: reason=unstable_if action=reinterpret pc=0x0000028b90533e68 method=java.util.concurrent.ConcurrentHashMap.putVal(Ljava/lang/Object;Ljava/lang/Object;Z)Ljava/lang/Object; @ 256 c2
Event: 4.499 Thread 0x0000028b9bfb2800 Uncommon trap: reason=unstable_if action=reinterpret pc=0x0000028b90501d74 method=java.lang.AbstractStringBuilder.putStringAt(ILjava/lang/String;)V @ 8 c2
Event: 4.499 Thread 0x0000028b9bfb2800 Uncommon trap: reason=unstable_if action=reinterpret pc=0x0000028b905132cc method=java.lang.AbstractStringBuilder.putStringAt(ILjava/lang/String;)V @ 8 c2
Event: 4.499 Thread 0x0000028b9bfb2800 Uncommon trap: reason=unstable_if action=reinterpret pc=0x0000028b90512aec method=java.lang.String.getBytes([BIB)V @ 5 c2
Event: 4.499 Thread 0x0000028b9bfb2800 Uncommon trap: reason=unstable_if action=reinterpret pc=0x0000028b9053ad98 method=java.lang.AbstractStringBuilder.isLatin1()Z @ 10 c2
Event: 10.194 Thread 0x0000028b9bfb2800 Uncommon trap: reason=unstable_if action=reinterpret pc=0x0000028b904dce7c method=java.lang.String.codePointAt(I)I @ 4 c2

Classes redefined (0 events):
No events

Internal exceptions (10 events):
Event: 2.493 Thread 0x0000028bff8df000 Exception <a 'java/lang/NoSuchMethodError'{0x00000000ff5d9a30}: java.lang.invoke.DelegatingMethodHandle$Holder.delegate(Ljava/lang/Object;Ljava/lang/Object;ILjava/lang/Object;)V> (0x00000000ff5d9a30) thrown at [./open/src/hotspot/share/interpreter/linkRes
Event: 2.954 Thread 0x0000028bff8df000 Exception <a 'java/lang/NoSuchMethodError'{0x00000000fea9cab8}: java.lang.invoke.DirectMethodHandle$Holder.invokeStaticInit(Ljava/lang/Object;Ljava/lang/Object;Ljava/lang/Object;)Ljava/lang/Object;> (0x00000000fea9cab8) thrown at [./open/src/hotspot/share
Event: 3.164 Thread 0x0000028bff8df000 Exception <a 'java/lang/NoSuchMethodError'{0x00000000fe59f460}: java.lang.invoke.DirectMethodHandle$Holder.invokeStaticInit(Ljava/lang/Object;IIII)Ljava/lang/Object;> (0x00000000fe59f460) thrown at [./open/src/hotspot/share/interpreter/linkResolver.cpp, l
Event: 3.511 Thread 0x0000028bff8df000 Exception <a 'java/lang/NoSuchMethodError'{0x00000000fe5f82d8}: java.lang.invoke.DirectMethodHandle$Holder.invokeStaticInit(Ljava/lang/Object;Ljava/lang/Object;IIII)Ljava/lang/Object;> (0x00000000fe5f82d8) thrown at [./open/src/hotspot/share/interpreter/l
Event: 4.051 Thread 0x0000028bff8df000 Exception <a 'java/lang/NoSuchMethodError'{0x00000000fe4caa90}: java.lang.invoke.DirectMethodHandle$Holder.invokeSpecial(Ljava/lang/Object;Ljava/lang/Object;)V> (0x00000000fe4caa90) thrown at [./open/src/hotspot/share/interpreter/linkResolver.cpp, line 77
Event: 4.455 Thread 0x0000028b9bfb2800 Exception <a 'java/lang/NoSuchMethodError'{0x00000000fdd92048}: java.lang.invoke.DirectMethodHandle$Holder.invokeStatic(Ljava/lang/Object;J)V> (0x00000000fdd92048) thrown at [./open/src/hotspot/share/interpreter/linkResolver.cpp, line 772]
Event: 4.456 Thread 0x0000028b9bfb2800 Exception <a 'java/lang/NoSuchMethodError'{0x00000000fdd96fe8}: java.lang.invoke.DirectMethodHandle$Holder.invokeStatic(Ljava/lang/Object;J)Ljava/lang/Object;> (0x00000000fdd96fe8) thrown at [./open/src/hotspot/share/interpreter/linkResolver.cpp, line 772
Event: 4.458 Thread 0x0000028b9bfb2800 Exception <a 'java/lang/NoSuchMethodError'{0x00000000fdda5080}: java.lang.invoke.DirectMethodHandle$Holder.invokeStaticInit(Ljava/lang/Object;Ljava/lang/Object;JLjava/lang/Object;)Ljava/lang/Object;> (0x00000000fdda5080) thrown at [./open/src/hotspot/shar
Event: 4.459 Thread 0x0000028b9bfb2800 Exception <a 'java/lang/NoSuchMethodError'{0x00000000fddaaf68}: java.lang.invoke.DirectMethodHandle$Holder.invokeStatic(Ljava/lang/Object;Ljava/lang/Object;J)Ljava/lang/Object;> (0x00000000fddaaf68) thrown at [./open/src/hotspot/share/interpreter/linkReso
Event: 4.459 Thread 0x0000028b9bfb2800 Exception <a 'java/lang/NoSuchMethodError'{0x00000000fddb1238}: java.lang.invoke.Invokers$Holder.linkToTargetMethod(Ljava/lang/Object;JLjava/lang/Object;)Ljava/lang/Object;> (0x00000000fddb1238) thrown at [./open/src/hotspot/share/interpreter/linkResolver

Events (10 events):
Event: 10.277 loading class org/gradle/internal/exceptions/ContextAwareException
Event: 10.277 loading class org/gradle/internal/exceptions/ContextAwareException done
Event: 10.278 loading class org/gradle/internal/exceptions/StyledException
Event: 10.278 loading class org/gradle/internal/exceptions/StyledException done
Event: 10.278 loading class org/gradle/internal/logging/events/StyledTextOutputEvent$Span
Event: 10.278 loading class org/gradle/internal/logging/events/StyledTextOutputEvent$Span done
Event: 10.278 loading class org/gradle/internal/logging/events/operations/StyledTextBuildOperationProgressDetails$Span
Event: 10.278 loading class org/gradle/internal/logging/events/operations/StyledTextBuildOperationProgressDetails$Span done
Event: 10.279 loading class org/gradle/internal/operations/logging/StyledTextBuildOperationProgressDetails$Span
Event: 10.279 loading class org/gradle/internal/operations/logging/StyledTextBuildOperationProgressDetails$Span done


Dynamic libraries:
0x00007ff752b50000 - 0x00007ff752b60000 	C:\Program Files\Java\jdk-11\bin\java.exe
0x00007ffada270000 - 0x00007ffada484000 	C:\Windows\SYSTEM32\ntdll.dll
0x00007ffad8dc0000 - 0x00007ffad8e84000 	C:\Windows\System32\KERNEL32.DLL
0x00007ffad7b70000 - 0x00007ffad7f14000 	C:\Windows\System32\KERNELBASE.dll
0x00007ffad7740000 - 0x00007ffad7851000 	C:\Windows\System32\ucrtbase.dll
0x00007ffad27e0000 - 0x00007ffad27f9000 	C:\Program Files\Java\jdk-11\bin\jli.dll
0x00007ffad8780000 - 0x00007ffad8830000 	C:\Windows\System32\ADVAPI32.dll
0x00007ffad9de0000 - 0x00007ffad9e87000 	C:\Windows\System32\msvcrt.dll
0x00007ffad86d0000 - 0x00007ffad8776000 	C:\Windows\System32\sechost.dll
0x00007ffad8930000 - 0x00007ffad8a47000 	C:\Windows\System32\RPCRT4.dll
0x00007ffad8b40000 - 0x00007ffad8cea000 	C:\Windows\System32\USER32.dll
0x00007ffad7650000 - 0x00007ffad7676000 	C:\Windows\System32\win32u.dll
0x00007ffad8650000 - 0x00007ffad8679000 	C:\Windows\System32\GDI32.dll
0x00007ffad78e0000 - 0x00007ffad79f9000 	C:\Windows\System32\gdi32full.dll
0x00007ffad7f90000 - 0x00007ffad802a000 	C:\Windows\System32\msvcp_win.dll
0x00007ffabf890000 - 0x00007ffabf8ab000 	C:\Program Files\Java\jdk-11\bin\VCRUNTIME140.dll
0x00007ffac0540000 - 0x00007ffac07cf000 	C:\Windows\WinSxS\amd64_microsoft.windows.common-controls_6595b64144ccf1df_6.0.22621.2070_none_2713e6537381f706\COMCTL32.dll
0x00007ffad5200000 - 0x00007ffad520a000 	C:\Windows\SYSTEM32\VERSION.dll
0x00007ffad9870000 - 0x00007ffad98a1000 	C:\Windows\System32\IMM32.DLL
0x00007ffad5190000 - 0x00007ffad519c000 	C:\Program Files\Java\jdk-11\bin\vcruntime140_1.dll
0x00007ffaa0800000 - 0x00007ffaa088e000 	C:\Program Files\Java\jdk-11\bin\msvcp140.dll
0x00007ffa6e070000 - 0x00007ffa6ebdc000 	C:\Program Files\Java\jdk-11\bin\server\jvm.dll
0x00007ffad98b0000 - 0x00007ffad98b8000 	C:\Windows\System32\PSAPI.DLL
0x00007ffab33d0000 - 0x00007ffab33d9000 	C:\Windows\SYSTEM32\WSOCK32.dll
0x00007ffad9d30000 - 0x00007ffad9da1000 	C:\Windows\System32\WS2_32.dll
0x00007ffacf700000 - 0x00007ffacf734000 	C:\Windows\SYSTEM32\WINMM.dll
0x00007ffad6600000 - 0x00007ffad6618000 	C:\Windows\SYSTEM32\kernel.appcore.dll
0x00007ffad4e30000 - 0x00007ffad4e40000 	C:\Program Files\Java\jdk-11\bin\verify.dll
0x00007ffac5740000 - 0x00007ffac596e000 	C:\Windows\SYSTEM32\DBGHELP.DLL
0x00007ffad99a0000 - 0x00007ffad9d2a000 	C:\Windows\System32\combase.dll
0x00007ffad98c0000 - 0x00007ffad9997000 	C:\Windows\System32\OLEAUT32.dll
0x00007ffab6540000 - 0x00007ffab6572000 	C:\Windows\SYSTEM32\dbgcore.DLL
0x00007ffad7860000 - 0x00007ffad78da000 	C:\Windows\System32\bcryptPrimitives.dll
0x00007ffabce30000 - 0x00007ffabce58000 	C:\Program Files\Java\jdk-11\bin\java.dll
0x00007ffad4520000 - 0x00007ffad452a000 	C:\Program Files\Java\jdk-11\bin\jimage.dll
0x00007ffabf870000 - 0x00007ffabf887000 	C:\Program Files\Java\jdk-11\bin\zip.dll
0x00007ffad8e90000 - 0x00007ffad96a6000 	C:\Windows\System32\SHELL32.dll
0x00007ffad55d0000 - 0x00007ffad5eba000 	C:\Windows\SYSTEM32\windows.storage.dll
0x00007ffad5490000 - 0x00007ffad55ce000 	C:\Windows\SYSTEM32\wintypes.dll
0x00007ffad8550000 - 0x00007ffad8643000 	C:\Windows\System32\SHCORE.dll
0x00007ffada1c0000 - 0x00007ffada21e000 	C:\Windows\System32\shlwapi.dll
0x00007ffad7580000 - 0x00007ffad75a6000 	C:\Windows\SYSTEM32\profapi.dll
0x00007ffabea30000 - 0x00007ffabea49000 	C:\Program Files\Java\jdk-11\bin\net.dll
0x00007ffaccfc0000 - 0x00007ffacd0f7000 	C:\Windows\SYSTEM32\WINHTTP.dll
0x00007ffad6ac0000 - 0x00007ffad6b29000 	C:\Windows\system32\mswsock.dll
0x00007ffabd3b0000 - 0x00007ffabd3c2000 	C:\Program Files\Java\jdk-11\bin\nio.dll
0x00007ffab9db0000 - 0x00007ffab9dd7000 	C:\Users\novic\.gradle\native\68d5fa5c4cc2d200863cafc0d521ce42e7d3e7ee720ec0a83991735586a16f82\windows-amd64\native-platform.dll
0x00007ffad2880000 - 0x00007ffad2889000 	C:\Program Files\Java\jdk-11\bin\management.dll
0x00007ffad2810000 - 0x00007ffad281b000 	C:\Program Files\Java\jdk-11\bin\management_ext.dll
0x00007ffad6de0000 - 0x00007ffad6dfb000 	C:\Windows\SYSTEM32\CRYPTSP.dll
0x00007ffad65c0000 - 0x00007ffad65f5000 	C:\Windows\system32\rsaenh.dll
0x00007ffad6b60000 - 0x00007ffad6b8c000 	C:\Windows\SYSTEM32\USERENV.dll
0x00007ffad6f80000 - 0x00007ffad6fa8000 	C:\Windows\SYSTEM32\bcrypt.dll
0x00007ffad6dc0000 - 0x00007ffad6dcc000 	C:\Windows\SYSTEM32\CRYPTBASE.dll
0x00007ffad6120000 - 0x00007ffad614d000 	C:\Windows\SYSTEM32\IPHLPAPI.DLL
0x00007ffad9db0000 - 0x00007ffad9db9000 	C:\Windows\System32\NSI.dll
0x00007ffaccf70000 - 0x00007ffaccf89000 	C:\Windows\SYSTEM32\dhcpcsvc6.DLL
0x00007ffaccf50000 - 0x00007ffaccf6f000 	C:\Windows\SYSTEM32\dhcpcsvc.DLL
0x00007ffad6190000 - 0x00007ffad6283000 	C:\Windows\SYSTEM32\DNSAPI.dll

dbghelp: loaded successfully - version: 4.0.5 - missing functions: none
symbol engine: initialized successfully - sym options: 0x614 - pdb path: .;C:\Program Files\Java\jdk-11\bin;C:\Windows\SYSTEM32;C:\Windows\WinSxS\amd64_microsoft.windows.common-controls_6595b64144ccf1df_6.0.22621.2070_none_2713e6537381f706;C:\Program Files\Java\jdk-11\bin\server;C:\Users\novic\.gradle\native\68d5fa5c4cc2d200863cafc0d521ce42e7d3e7ee720ec0a83991735586a16f82\windows-amd64

VM Arguments:
jvm_args: -Xmx64m -Xms64m -Dorg.gradle.appname=gradlew 
java_command: org.gradle.wrapper.GradleWrapperMain tasks
java_class_path (initial): C:\Users\novic\Bureau\Projets\foodtech\android\\gradle\wrapper\gradle-wrapper.jar
Launcher Type: SUN_STANDARD

[Global flags]
     intx CICompilerCount                          = 3                                         {product} {ergonomic}
     uint ConcGCThreads                            = 1                                         {product} {ergonomic}
     uint G1ConcRefinementThreads                  = 4                                         {product} {ergonomic}
   size_t G1HeapRegionSize                         = 1048576                                   {product} {ergonomic}
    uintx GCDrainStackTargetSize                   = 64                                        {product} {ergonomic}
   size_t InitialHeapSize                          = 67108864                                  {product} {command line}
   size_t MarkStackSize                            = 4194304                                   {product} {ergonomic}
   size_t MaxHeapSize                              = 67108864                                  {product} {command line}
   size_t MaxNewSize                               = 39845888                                  {product} {ergonomic}
   size_t MinHeapDeltaBytes                        = 1048576                                   {product} {ergonomic}
    uintx NonNMethodCodeHeapSize                   = 5830732                                {pd product} {ergonomic}
    uintx NonProfiledCodeHeapSize                  = 122913754                              {pd product} {ergonomic}
    uintx ProfiledCodeHeapSize                     = 122913754                              {pd product} {ergonomic}
    uintx ReservedCodeCacheSize                    = 251658240                              {pd product} {ergonomic}
     bool SegmentedCodeCache                       = true                                      {product} {ergonomic}
     bool UseCompressedClassPointers               = true                                 {lp64_product} {ergonomic}
     bool UseCompressedOops                        = true                                 {lp64_product} {ergonomic}
     bool UseG1GC                                  = true                                      {product} {ergonomic}
     bool UseLargePagesIndividualAllocation        = false                                  {pd product} {ergonomic}

Logging:
Log output configuration:
 #0: stdout all=warning uptime,level,tags
 #1: stderr all=off uptime,level,tags

Environment Variables:
JAVA_HOME=C:\Program Files\Java\jdk-11
CLASSPATH=C:\Users\novic\Bureau\Projets\foodtech\android\\gradle\wrapper\gradle-wrapper.jar
PATH=C:\Users\novic\Bureau\Projets\foodtech\node_modules\.bin;C:\Users\novic\Bureau\Projets\foodtech\node_modules\.bin;C:\Users\novic\Bureau\Projets\node_modules\.bin;C:\Users\novic\Bureau\node_modules\.bin;C:\Users\novic\node_modules\.bin;C:\Users\node_modules\.bin;C:\node_modules\.bin;C:\Users\novic\AppData\Roaming\nvm\v16.20.1\node_modules\npm\node_modules\@npmcli\run-script\lib\node-gyp-bin;C:\Users\novic\Bureau\Projets\foodtech\node_modules\.bin;C:\Users\novic\Bureau\Projets\foodtech\node_modules\.bin;C:\Users\novic\Bureau\Projets\node_modules\.bin;C:\Users\novic\Bureau\node_modules\.bin;C:\Users\novic\node_modules\.bin;C:\Users\node_modules\.bin;C:\node_modules\.bin;C:\Users\novic\AppData\Roaming\nvm\v16.20.1\node_modules\npm\node_modules\@npmcli\run-script\lib\node-gyp-bin;C:\Program Files (x86)\Common Files\Oracle\Java\javapath;C:\Program Files\Common Files\Oracle\Java\javapath;C:\Windows\system32;C:\Windows;C:\Windows\System32\Wbem;C:\Windows\System32\WindowsPowerShell\v1.0\;C:\Windows\System32\OpenSSH\;C:\ProgramData\chocolatey\bin;C:\Program Files\Git\cmd;C:\Users\novic\AppData\Local\Android\Sdk\platform-tools;C:\Users\novic\AppData\Roaming\nvm;C:\Program Files\nodejs;C:\Program Files\Java\jdk-11\bin;C:\Program Files\dotnet\;C:\Program Files\Docker\Docker\resources\bin;C:\Users\novic\AppData\Roaming\npm;C:\Users\novic\AppData\Local\Microsoft\WindowsApps;C:\Users\novic\AppData\Local\Programs\Microsoft VS Code\bin;C:\Program Files\JetBrains\WebStorm 2023.1.1\bin;C:\Users\novic\AppData\Roaming\nvm;C:\Program Files\nodejs;C:\Program Files\Java\jdk-11\bin;C:\Users\novic\AppData\Local\Android\Sdk\platform-tools;C:\Users\novic\AppData\Local\GitHubDesktop\bin;C:\Users\novic\AppData\Local\atom\bin;C:\Program Files\JetBrains\IntelliJ IDEA Community Edition 2022.1\bin;;C:\Program Files\MongoDB\Server\6.0\bin;C:\Program Files\JetBrains\WebStorm 2022.3.2\bin;;C:\Users\novic\AppData\Roaming\npm;
USERNAME=novic
OS=Windows_NT
PROCESSOR_IDENTIFIER=AMD64 Family 23 Model 24 Stepping 1, AuthenticAMD



---------------  S Y S T E M  ---------------

OS: Windows 11 , 64 bit Build 22621 (10.0.22621.2070)
Hyper-V role detected

CPU:total 4 (initial active 4) (4 cores per cpu, 2 threads per core) family 23 model 24 stepping 1 microcode 0x0, cmov, cx8, fxsr, mmx, sse, sse2, sse3, ssse3, sse4.1, sse4.2, popcnt, avx, avx2, aes, clmul, mmxext, 3dnowpref, lzcnt, sse4a, ht, tsc, tscinvbit, tscinv, bmi1, bmi2, adx, s

Memory: 4k page, system-wide physical 14250M (3851M free)
TotalPageFile size 23625M (AvailPageFile size 317M)
current process WorkingSet (physical memory assigned to process): 94M, peak: 106M
current process commit charge ("private bytes"): 151M, peak: 164M

vm_info: Java HotSpot(TM) 64-Bit Server VM (11.0.19+9-LTS-224) for windows-amd64 JRE (11.0.19+9-LTS-224), built on Mar 27 2023 08:48:55 by "mach5one" with MS VC++ 17.1 (VS2022)

END.
